<?xml version="1.0" encoding="UTF-8"?>
<testng-results ignored="0" total="2" passed="2" failed="0" skipped="0">
  <reporter-output>
  </reporter-output>
  <suite started-at="2021-04-26T11:13:49Z" name="Default suite" finished-at="2021-04-26T11:14:02Z" duration-ms="12862">
    <groups>
    </groups>
    <test started-at="2021-04-26T11:13:49Z" name="Default test" finished-at="2021-04-26T11:14:02Z" duration-ms="12862">
      <class name="TestCases.LoginPageTest">
        <test-method is-config="true" signature="setUp()[pri:0, instance:TestCases.LoginPageTest@3148f668]" started-at="2021-04-26T11:13:49Z" name="setUp" finished-at="2021-04-26T11:13:55Z" duration-ms="5746" status="PASS">
          <reporter-output>
          </reporter-output>
        </test-method> <!-- setUp -->
        <test-method signature="loginTest()[pri:0, instance:TestCases.LoginPageTest@3148f668]" started-at="2021-04-26T11:13:55Z" name="loginTest" finished-at="2021-04-26T11:13:55Z" duration-ms="497" status="PASS">
          <reporter-output>
          </reporter-output>
        </test-method> <!-- loginTest -->
        <test-method is-config="true" signature="tearDown()[pri:0, instance:TestCases.LoginPageTest@3148f668]" started-at="2021-04-26T11:13:56Z" name="tearDown" finished-at="2021-04-26T11:13:56Z" duration-ms="133" status="PASS">
          <reporter-output>
          </reporter-output>
        </test-method> <!-- tearDown -->
        <test-method is-config="true" signature="setUp()[pri:0, instance:TestCases.LoginPageTest@3148f668]" started-at="2021-04-26T11:13:56Z" name="setUp" finished-at="2021-04-26T11:14:01Z" duration-ms="5624" status="PASS">
          <reporter-output>
          </reporter-output>
        </test-method> <!-- setUp -->
        <test-method signature="searchbtntest()[pri:0, instance:TestCases.LoginPageTest@3148f668]" started-at="2021-04-26T11:14:01Z" name="searchbtntest" finished-at="2021-04-26T11:14:02Z" duration-ms="645" status="PASS">
          <reporter-output>
          </reporter-output>
        </test-method> <!-- searchbtntest -->
        <test-method is-config="true" signature="tearDown()[pri:0, instance:TestCases.LoginPageTest@3148f668]" started-at="2021-04-26T11:14:02Z" name="tearDown" finished-at="2021-04-26T11:14:02Z" duration-ms="180" status="PASS">
          <reporter-output>
          </reporter-output>
        </test-method> <!-- tearDown -->
      </class> <!-- TestCases.LoginPageTest -->
    </test> <!-- Default test -->
  </suite> <!-- Default suite -->
</testng-results>
